d:\programming projects\laba1_multilang\multilang\сplusplus\debug\сplusplus.pch
d:\programming projects\laba1_multilang\multilang\сplusplus\debug\vc140.pdb
d:\programming projects\laba1_multilang\multilang\сplusplus\debug\stdafx.obj
d:\programming projects\laba1_multilang\multilang\сplusplus\debug\сplusplus.obj
d:\programming projects\laba1_multilang\multilang\сplusplus\debug\assemblyinfo.obj
d:\programming projects\laba1_multilang\multilang\сplusplus\debug\.netframework,version=v4.5.2.assemblyattributes.obj
d:\programming projects\laba1_multilang\multilang\сplusplus\debug\.netframework,version=v4.5.2.assemblyattributes.asm
d:\programming projects\laba1_multilang\multilang\debug\сplusplus.dll
d:\programming projects\laba1_multilang\multilang\debug\сplusplus.pdb
d:\programming projects\laba1_multilang\multilang\сplusplus\debug\app.res
d:\programming projects\laba1_multilang\multilang\сplusplus\debug\сplusplus.tlog\cl.command.1.tlog
d:\programming projects\laba1_multilang\multilang\сplusplus\debug\сplusplus.tlog\cl.read.1.tlog
d:\programming projects\laba1_multilang\multilang\сplusplus\debug\сplusplus.tlog\cl.write.1.tlog
d:\programming projects\laba1_multilang\multilang\сplusplus\debug\сplusplus.tlog\link.command.1.tlog
d:\programming projects\laba1_multilang\multilang\сplusplus\debug\сplusplus.tlog\link.read.1.tlog
d:\programming projects\laba1_multilang\multilang\сplusplus\debug\сplusplus.tlog\link.write.1.tlog
d:\programming projects\laba1_multilang\multilang\сplusplus\debug\сplusplus.tlog\metagen.read.1.tlog
d:\programming projects\laba1_multilang\multilang\сplusplus\debug\сplusplus.tlog\metagen.write.1.tlog
d:\programming projects\laba1_multilang\multilang\сplusplus\debug\сplusplus.tlog\rc.command.1.tlog
d:\programming projects\laba1_multilang\multilang\сplusplus\debug\сplusplus.tlog\rc.read.1.tlog
d:\programming projects\laba1_multilang\multilang\сplusplus\debug\сplusplus.tlog\rc.write.1.tlog
d:\programming projects\laba1_multilang\multilang\сplusplus\debug\сplusplus.tlog\tzres.dll.bi
